# JRE version: Java(TM) SE Runtime Environment (9.0+11) (build 9.0.4+11)
# Java VM: Java HotSpot(TM) 64-Bit Server VM (9.0.4+11, mixed mode, tiered, compressed oops, g1 gc, windows-amd64)
Heap:
 garbage-first heap   total 600064K, used 302437K [0x0000000700000000, 0x0000000700101250, 0x00000007c0000000)
  region size 1024K, 30 young (30720K), 1 survivors (1024K)
 Metaspace       used 102894K, capacity 110159K, committed 110284K, reserved 1142784K
  class space    used 15791K, capacity 17051K, committed 17100K, reserved 1048576K
GC Heap History (10 events):
Event: 898.960 GC heap before
{Heap before GC invocations=382 (full 17):
 garbage-first heap   total 600064K, used 332438K [0x0000000700000000, 0x0000000700101250, 0x00000007c0000000)
  region size 1024K, 60 young (61440K), 2 survivors (2048K)
 Metaspace       used 102761K, capacity 110095K, committed 110284K, reserved 1142784K
  class space    used 15781K, capacity 17051K, committed 17100K, reserved 1048576K
}
Event: 898.968 GC heap after
{Heap after GC invocations=383 (full 17):
 garbage-first heap   total 600064K, used 277191K [0x0000000700000000, 0x0000000700101250, 0x00000007c0000000)
  region size 1024K, 6 young (6144K), 6 survivors (6144K)
 Metaspace       used 102761K, capacity 110095K, committed 110284K, reserved 1142784K
  class space    used 15781K, capacity 17051K, committed 17100K, reserved 1048576K
}
Event: 899.106 GC heap before
{Heap before GC invocations=383 (full 17):
 garbage-first heap   total 600064K, used 332487K [0x0000000700000000, 0x0000000700101250, 0x00000007c0000000)
  region size 1024K, 60 young (61440K), 6 survivors (6144K)
 Metaspace       used 102770K, capacity 110095K, committed 110284K, reserved 1142784K
  class space    used 15782K, capacity 17051K, committed 17100K, reserved 1048576K
}
Event: 899.111 GC heap after
{Heap after GC invocations=384 (full 17):
 garbage-first heap   total 600064K, used 276468K [0x0000000700000000, 0x0000000700101250, 0x00000007c0000000)
  region size 1024K, 1 young (1024K), 1 survivors (1024K)
 Metaspace       used 102770K, capacity 110095K, committed 110284K, reserved 1142784K
  class space    used 15782K, capacity 17051K, committed 17100K, reserved 1048576K
}
Event: 899.368 GC heap before
{Heap before GC invocations=384 (full 17):
 garbage-first heap   total 600064K, used 336884K [0x0000000700000000, 0x0000000700101250, 0x00000007c0000000)
  region size 1024K, 60 young (61440K), 1 survivors (1024K)
 Metaspace       used 102798K, capacity 110095K, committed 110284K, reserved 1142784K
  class space    used 15785K, capacity 17051K, committed 17100K, reserved 1048576K
}
Event: 899.372 GC heap after
{Heap after GC invocations=385 (full 17):
 garbage-first heap   total 600064K, used 276107K [0x0000000700000000, 0x0000000700101250, 0x00000007c0000000)
  region size 1024K, 1 young (1024K), 1 survivors (1024K)
 Metaspace       used 102798K, capacity 110095K, committed 110284K, reserved 1142784K
  class space    used 15785K, capacity 17051K, committed 17100K, reserved 1048576K
}
Event: 899.844 GC heap before
{Heap before GC invocations=386 (full 17):
 garbage-first heap   total 600064K, used 292491K [0x0000000700000000, 0x0000000700101250, 0x00000007c0000000)
  region size 1024K, 18 young (18432K), 1 survivors (1024K)
 Metaspace       used 102799K, capacity 110095K, committed 110284K, reserved 1142784K
  class space    used 15785K, capacity 17051K, committed 17100K, reserved 1048576K
}
Event: 900.380 GC heap after
{Heap after GC invocations=387 (full 18):
 garbage-first heap   total 600064K, used 273258K [0x0000000700000000, 0x0000000700101250, 0x00000007c0000000)
  region size 1024K, 0 young (0K), 0 survivors (0K)
 Metaspace       used 102799K, capacity 110095K, committed 110284K, reserved 1142784K
  class space    used 15785K, capacity 17051K, committed 17100K, reserved 1048576K
}
Event: 909.521 GC heap before
{Heap before GC invocations=387 (full 18):
 garbage-first heap   total 600064K, used 334698K [0x0000000700000000, 0x0000000700101250, 0x00000007c0000000)
  region size 1024K, 60 young (61440K), 0 survivors (0K)
 Metaspace       used 102861K, capacity 110159K, committed 110284K, reserved 1142784K
  class space    used 15789K, capacity 17051K, committed 17100K, reserved 1048576K
}
Event: 909.528 GC heap after
{Heap after GC invocations=388 (full 18):
 garbage-first heap   total 600064K, used 273765K [0x0000000700000000, 0x0000000700101250, 0x00000007c0000000)
  region size 1024K, 1 young (1024K), 1 survivors (1024K)
 Metaspace       used 102861K, capacity 110159K, committed 110284K, reserved 1142784K
  class space    used 15789K, capacity 17051K, committed 17100K, reserved 1048576K
}

